<?xml version="1.0" encoding="UTF-8"?>
<!-- Generated by org.testng.reporters.JUnitXMLReporter -->
<testsuite hostname="DESKTOP-559VS32" ignored="0" name="Accu Weather Test" tests="5" failures="0" timestamp="26 Oct 2021 05:57:13 GMT" time="265.08" errors="0">
  <testcase name="validateTitleTest" time="0.033" classname="com.accuweather.test.HomePageTest"/>
  <testcase name="getTemperatureTest" time="24.514" classname="com.accuweather.test.HomePageTest"/>
  <testcase name="validateHighestTemperatureTest" time="67.522" classname="com.accuweather.test.HomePageTest"/>
  <testcase name="validateLowestTemperatureTest" time="67.614" classname="com.accuweather.test.HomePageTest"/>
  <testcase name="validateScreenshotTest" time="34.868" classname="com.accuweather.test.HomePageTest"/>
</testsuite> <!-- Accu Weather Test -->
