<?xml version="1.0" encoding="UTF-8"?>
<testng-results skipped="0" failed="0" ignored="0" total="2" passed="2">
  <reporter-output>
  </reporter-output>
  <suite name="Default suite" duration-ms="101346" started-at="2021-10-25T15:06:52Z" finished-at="2021-10-25T15:08:34Z">
    <groups>
    </groups>
    <test name="Default test" duration-ms="101346" started-at="2021-10-25T15:06:52Z" finished-at="2021-10-25T15:08:34Z">
      <class name="com.accuweather.test.HomePageTest">
        <test-method status="PASS" signature="setUp()[pri:0, instance:com.accuweather.test.HomePageTest@47c62251]" name="setUp" is-config="true" duration-ms="36689" started-at="2021-10-25T20:36:52Z" finished-at="2021-10-25T20:37:29Z">
          <reporter-output>
          </reporter-output>
        </test-method> <!-- setUp -->
        <test-method status="PASS" signature="validateTitleTest()[pri:1, instance:com.accuweather.test.HomePageTest@47c62251]" name="validateTitleTest" duration-ms="22" started-at="2021-10-25T20:37:29Z" finished-at="2021-10-25T20:37:29Z">
          <reporter-output>
          </reporter-output>
        </test-method> <!-- validateTitleTest -->
        <test-method status="PASS" signature="tearDown()[pri:0, instance:com.accuweather.test.HomePageTest@47c62251]" name="tearDown" is-config="true" duration-ms="870" started-at="2021-10-25T20:37:29Z" finished-at="2021-10-25T20:37:30Z">
          <reporter-output>
          </reporter-output>
        </test-method> <!-- tearDown -->
        <test-method status="PASS" signature="setUp()[pri:0, instance:com.accuweather.test.HomePageTest@47c62251]" name="setUp" is-config="true" duration-ms="33079" started-at="2021-10-25T20:37:30Z" finished-at="2021-10-25T20:38:03Z">
          <reporter-output>
          </reporter-output>
        </test-method> <!-- setUp -->
        <test-method status="PASS" signature="getTemperatureTest()[pri:2, instance:com.accuweather.test.HomePageTest@47c62251]" name="getTemperatureTest" duration-ms="29684" started-at="2021-10-25T20:38:03Z" finished-at="2021-10-25T20:38:33Z">
          <reporter-output>
          </reporter-output>
        </test-method> <!-- getTemperatureTest -->
        <test-method status="PASS" signature="tearDown()[pri:0, instance:com.accuweather.test.HomePageTest@47c62251]" name="tearDown" is-config="true" duration-ms="936" started-at="2021-10-25T20:38:33Z" finished-at="2021-10-25T20:38:34Z">
          <reporter-output>
          </reporter-output>
        </test-method> <!-- tearDown -->
      </class> <!-- com.accuweather.test.HomePageTest -->
    </test> <!-- Default test -->
  </suite> <!-- Default suite -->
</testng-results>
