<?xml version="1.0" encoding="UTF-8"?>
<testng-results skipped="0" failed="0" ignored="1" total="2" passed="1">
  <reporter-output>
  </reporter-output>
  <suite name="Default suite" duration-ms="60996" started-at="2021-10-25T14:53:18Z" finished-at="2021-10-25T14:54:19Z">
    <groups>
    </groups>
    <test name="Default test" duration-ms="60996" started-at="2021-10-25T14:53:18Z" finished-at="2021-10-25T14:54:19Z">
      <class name="com.accuweather.test.HomePageTest">
        <test-method status="PASS" signature="setUp()[pri:0, instance:com.accuweather.test.HomePageTest@1e88b3c]" name="setUp" is-config="true" duration-ms="34386" started-at="2021-10-25T20:23:18Z" finished-at="2021-10-25T20:23:52Z">
          <reporter-output>
          </reporter-output>
        </test-method> <!-- setUp -->
        <test-method status="PASS" signature="getTemperatureTest()[pri:2, instance:com.accuweather.test.HomePageTest@1e88b3c]" name="getTemperatureTest" duration-ms="25702" started-at="2021-10-25T20:23:52Z" finished-at="2021-10-25T20:24:18Z">
          <reporter-output>
          </reporter-output>
        </test-method> <!-- getTemperatureTest -->
        <test-method status="PASS" signature="tearDown()[pri:0, instance:com.accuweather.test.HomePageTest@1e88b3c]" name="tearDown" is-config="true" duration-ms="876" started-at="2021-10-25T20:24:18Z" finished-at="2021-10-25T20:24:19Z">
          <reporter-output>
          </reporter-output>
        </test-method> <!-- tearDown -->
      </class> <!-- com.accuweather.test.HomePageTest -->
    </test> <!-- Default test -->
  </suite> <!-- Default suite -->
</testng-results>
