<?xml version="1.0" encoding="UTF-8"?>
<!-- Generated by org.testng.reporters.JUnitXMLReporter -->
<testsuite hostname="DESKTOP-559VS32" ignored="4" name="Default test" tests="1" failures="0" timestamp="26 Oct 2021 06:02:14 GMT" time="44.93" errors="0">
  <testcase name="validateScreenshotTest" time="34.796" classname="com.accuweather.test.HomePageTest"/>
  <testcase name="validateTitleTest" time="0.0" classname="com.accuweather.test.HomePageTest">
    <ignored/>
  </testcase> <!-- validateTitleTest -->
  <testcase name="validateHighestTemperatureTest" time="0.0" classname="com.accuweather.test.HomePageTest">
    <ignored/>
  </testcase> <!-- validateHighestTemperatureTest -->
  <testcase name="getTemperatureTest" time="0.0" classname="com.accuweather.test.HomePageTest">
    <ignored/>
  </testcase> <!-- getTemperatureTest -->
  <testcase name="validateLowestTemperatureTest" time="0.0" classname="com.accuweather.test.HomePageTest">
    <ignored/>
  </testcase> <!-- validateLowestTemperatureTest -->
</testsuite> <!-- Default test -->
