<?xml version="1.0" encoding="UTF-8"?>
<!-- Generated by org.testng.reporters.JUnitXMLReporter -->
<testsuite hostname="DESKTOP-559VS32" ignored="1" name="Default test" tests="1" failures="0" timestamp="25 Oct 2021 14:54:19 GMT" time="60.996" errors="0">
  <testcase name="getTemperatureTest" time="25.702" classname="com.accuweather.test.HomePageTest"/>
  <testcase name="validateTitleTest" time="0.0" classname="com.accuweather.test.HomePageTest">
    <ignored/>
  </testcase> <!-- validateTitleTest -->
</testsuite> <!-- Default test -->
